Using pre-set license
Built from '2020.2/staging' branch; Version is '2020.2.6f1 (8a2143876886) revision 9052483'; Using compiler version '192528614'; Build Type 'Release'
OS: 'Windows 10 Enterprise; OS build 19041.1415; Version 2004; 64bit' Language: 'zh' Physical Memory: 16346 MB
BatchMode: 1, IsHumanControllingUs: 0, StartBugReporterOnCrash: 0, Is64bit: 1, IsPro: 0

 COMMAND LINE ARGUMENTS:
C:\Program Files\Unity\Hub\Editor\2020.2.6f1\Editor\Unity.exe
-adb2
-batchMode
-noUpm
-name
AssetImportWorker0
-projectPath
D:/Unity/Zoe/Zoe_Project_Ver3
-logFile
Logs/AssetImportWorker0.log
-srvPort
57477
Successfully changed project path to: D:/Unity/Zoe/Zoe_Project_Ver3
D:/Unity/Zoe/Zoe_Project_Ver3
Using Asset Import Pipeline V2.
Refreshing native plugins compatible for Editor in 143.41 ms, found 1 plugins.
Preloading 0 native plugins for Editor in 0.00 ms.
Initialize engine version: 2020.2.6f1 (8a2143876886)
[Subsystems] Discovering subsystems at path C:/Program Files/Unity/Hub/Editor/2020.2.6f1/Editor/Data/Resources/UnitySubsystems
[Subsystems] Discovering subsystems at path D:/Unity/Zoe/Zoe_Project_Ver3/Assets
GfxDevice: creating device client; threaded=0
Direct3D:
    Version:  Direct3D 11.0 [level 11.1]
    Renderer: NVIDIA GeForce GTX 960 (ID=0x1401)
    Vendor:   
    VRAM:     2007 MB
    Driver:   27.21.14.5671
Shader 'Universal Render Pipeline/Particles/Lit': fallback shader 'Universal Render Pipeline/Particles/SimpleLit' not found
Initialize mono
Mono path[0] = 'C:/Program Files/Unity/Hub/Editor/2020.2.6f1/Editor/Data/Managed'
Mono path[1] = 'C:/Program Files/Unity/Hub/Editor/2020.2.6f1/Editor/Data/MonoBleedingEdge/lib/mono/unityjit'
Mono config path = 'C:/Program Files/Unity/Hub/Editor/2020.2.6f1/Editor/Data/MonoBleedingEdge/etc'
Using monoOptions --debugger-agent=transport=dt_socket,embedding=1,server=y,suspend=n,address=127.0.0.1:56692
Begin MonoManager ReloadAssembly
Registering precompiled unity dll's ...
Register platform support module: C:/Program Files/Unity/Hub/Editor/2020.2.6f1/Editor/Data/PlaybackEngines/MacStandaloneSupport/UnityEditor.OSXStandalone.Extensions.dll
Register platform support module: C:/Program Files/Unity/Hub/Editor/2020.2.6f1/Editor/Data/PlaybackEngines/WindowsStandaloneSupport/UnityEditor.WindowsStandalone.Extensions.dll
Registered in 0.003138 seconds.
Native extension for WindowsStandalone target not found
Native extension for OSXStandalone target not found
Refreshing native plugins compatible for Editor in 127.78 ms, found 1 plugins.
Preloading 0 native plugins for Editor in 0.00 ms.
Invoked RoslynAnalysisRunner static constructor.
RoslynAnalysisRunner will not be running.
RoslynAnalysisRunner has terminated.
Mono: successfully reloaded assembly
- Completed reload, in  1.825 seconds
Platform modules already initialized, skipping
Registering precompiled user dll's ...
Registered in 0.006329 seconds.
Begin MonoManager ReloadAssembly
Native extension for WindowsStandalone target not found
Native extension for OSXStandalone target not found
Refreshing native plugins compatible for Editor in 131.10 ms, found 1 plugins.
Preloading 0 native plugins for Editor in 0.00 ms.
Invoked RoslynAnalysisRunner static constructor.
RoslynAnalysisRunner will not be running.
RoslynAnalysisRunner has terminated.
Mono: successfully reloaded assembly
- Completed reload, in  2.557 seconds
Platform modules already initialized, skipping
========================================================================
Worker process is ready to serve import requests
Shader 'Universal Render Pipeline/Particles/Lit': fallback shader 'Universal Render Pipeline/Particles/SimpleLit' not found
Launched and connected shader compiler UnityShaderCompiler.exe after 0.07 seconds
Refreshing native plugins compatible for Editor in 1.27 ms, found 1 plugins.
Preloading 0 native plugins for Editor in 0.00 ms.
Unloading 4315 Unused Serialized files (Serialized files now loaded: 0)
System memory in use before: 200.1 MB.
System memory in use after: 198.9 MB.

Unloading 238 unused Assets to reduce memory usage. Loaded Objects now: 4791.
Total: 27.193000 ms (FindLiveObjects: 0.476100 ms CreateObjectMapping: 0.290100 ms MarkObjects: 25.027000 ms  DeleteObjects: 1.398000 ms)

========================================================================
Received Import Request.
  path: Assets/Try/BigMan_no3
  artifactKey: Guid(efee9589f469a444a8a81f9f3f39de9e) Importer(815301076,1909f56bfc062723c751e8b465ee728b)
Start importing Assets/Try/BigMan_no3 using Guid(efee9589f469a444a8a81f9f3f39de9e) Importer(815301076,1909f56bfc062723c751e8b465ee728b)  -> (artifact id: 'c2f642f1498ec8930e25c0a4bf00a47f') in 0.021183 seconds
  Import took 0.078303 seconds .

========================================================================
Received Import Request.
  Time since last request: 57.241837 seconds.
  path: Assets/Try/BigMan_no6/BigMan_SkeletonData.asset
  artifactKey: Guid(6aa956ded0ad07f4682af14f4493bc91) Importer(815301076,1909f56bfc062723c751e8b465ee728b)
Start importing Assets/Try/BigMan_no6/BigMan_SkeletonData.asset using Guid(6aa956ded0ad07f4682af14f4493bc91) Importer(815301076,1909f56bfc062723c751e8b465ee728b)  -> (artifact id: '0a663f6443e1bbd271e92595a3d93449') in 1.018404 seconds
  Import took 1.046892 seconds .

========================================================================
Received Import Request.
  Time since last request: 81.577403 seconds.
  path: Assets/Try/BigMan_no6/BigMan.png
  artifactKey: Guid(057791a9d0630dd45988a92a4626186c) Importer(815301076,1909f56bfc062723c751e8b465ee728b)
Start importing Assets/Try/BigMan_no6/BigMan.png using Guid(057791a9d0630dd45988a92a4626186c) Importer(815301076,1909f56bfc062723c751e8b465ee728b)  -> (artifact id: '781ee388cc68b148d38c4aee01af47d5') in 0.097296 seconds
  Import took 0.130672 seconds .

========================================================================
Received Import Request.
  Time since last request: 6.708770 seconds.
  path: Assets/Try/BigMan_no6/BigMan.png
  artifactKey: Guid(057791a9d0630dd45988a92a4626186c) Importer(815301076,1909f56bfc062723c751e8b465ee728b)
Start importing Assets/Try/BigMan_no6/BigMan.png using Guid(057791a9d0630dd45988a92a4626186c) Importer(815301076,1909f56bfc062723c751e8b465ee728b)  -> (artifact id: '628d2254e3f4623eac96d1d2b82bf9c7') in 0.013615 seconds
  Import took 0.036614 seconds .

========================================================================
Received Import Request.
  Time since last request: 4.423522 seconds.
  path: Assets/Try/BigMan_no6/BigMan.json
  artifactKey: Guid(6ec8c762d3cacca4e957f80751d4b343) Importer(815301076,1909f56bfc062723c751e8b465ee728b)
Start importing Assets/Try/BigMan_no6/BigMan.json using Guid(6ec8c762d3cacca4e957f80751d4b343) Importer(815301076,1909f56bfc062723c751e8b465ee728b)  -> (artifact id: 'fe6ebdb0d2a993ba95bd2b509c38de34') in 0.030521 seconds
  Import took 0.056418 seconds .

========================================================================
Received Import Request.
  Time since last request: 6.583602 seconds.
  path: Assets/Try/BigMan_no6/BigMan.png
  artifactKey: Guid(057791a9d0630dd45988a92a4626186c) Importer(815301076,1909f56bfc062723c751e8b465ee728b)
Start importing Assets/Try/BigMan_no6/BigMan.png using Guid(057791a9d0630dd45988a92a4626186c) Importer(815301076,1909f56bfc062723c751e8b465ee728b)  -> (artifact id: '505138df75449d4f1eb3402341696633') in 0.006745 seconds
  Import took 0.031915 seconds .

========================================================================
Received Import Request.
  Time since last request: 27.034475 seconds.
  path: Assets/Try/BigMan_no6/BigMan.png
  artifactKey: Guid(057791a9d0630dd45988a92a4626186c) Importer(815301076,1909f56bfc062723c751e8b465ee728b)
Start importing Assets/Try/BigMan_no6/BigMan.png using Guid(057791a9d0630dd45988a92a4626186c) Importer(815301076,1909f56bfc062723c751e8b465ee728b)  -> (artifact id: '842a43d68dfc872e2fe75f733268654d') in 0.049999 seconds
  Import took 0.086243 seconds .

========================================================================
Received Import Request.
  Time since last request: 2.139776 seconds.
  path: Assets/Try/BigMan_no6/BigMan_Atlas.asset
  artifactKey: Guid(3974becb6bacc23498da13db1088039e) Importer(815301076,1909f56bfc062723c751e8b465ee728b)
Start importing Assets/Try/BigMan_no6/BigMan_Atlas.asset using Guid(3974becb6bacc23498da13db1088039e) Importer(815301076,1909f56bfc062723c751e8b465ee728b)  -> (artifact id: 'ec695fcc90c8d6c10e3f042a2326c26b') in 0.009441 seconds
  Import took 0.033710 seconds .

========================================================================
Received Import Request.
  Time since last request: 61.200255 seconds.
  path: Assets/Try/BigMan_no6/BigMan.png
  artifactKey: Guid(057791a9d0630dd45988a92a4626186c) Importer(815301076,1909f56bfc062723c751e8b465ee728b)
Start importing Assets/Try/BigMan_no6/BigMan.png using Guid(057791a9d0630dd45988a92a4626186c) Importer(815301076,1909f56bfc062723c751e8b465ee728b)  -> (artifact id: 'b2c184fb225a829e194fbf7b7a52e09e') in 0.013515 seconds
  Import took 0.045686 seconds .

========================================================================
Received Import Request.
  Time since last request: 83.271403 seconds.
  path: Assets/Try/BigMan_no6/BigMan.png
  artifactKey: Guid(057791a9d0630dd45988a92a4626186c) Importer(815301076,1909f56bfc062723c751e8b465ee728b)
Start importing Assets/Try/BigMan_no6/BigMan.png using Guid(057791a9d0630dd45988a92a4626186c) Importer(815301076,1909f56bfc062723c751e8b465ee728b)  -> (artifact id: 'c01c8160f4e97b3c674b131048dcb2bf') in 0.035574 seconds
  Import took 0.064450 seconds .

========================================================================
Received Import Request.
  Time since last request: 4.095429 seconds.
  path: Assets/Try/BigMan_no6/BigMan.png
  artifactKey: Guid(057791a9d0630dd45988a92a4626186c) Importer(815301076,1909f56bfc062723c751e8b465ee728b)
Start importing Assets/Try/BigMan_no6/BigMan.png using Guid(057791a9d0630dd45988a92a4626186c) Importer(815301076,1909f56bfc062723c751e8b465ee728b)  -> (artifact id: 'f603acf184dc6cda784ecd729de67b0d') in 0.024042 seconds
  Import took 0.053808 seconds .

========================================================================
Received Import Request.
  Time since last request: 131.611932 seconds.
  path: Assets/Try/Zoe_No29/Zoe_SkeletonData.asset
  artifactKey: Guid(6f13c297efd9f5e4a9f8b0039f62fd17) Importer(815301076,1909f56bfc062723c751e8b465ee728b)
Start importing Assets/Try/Zoe_No29/Zoe_SkeletonData.asset using Guid(6f13c297efd9f5e4a9f8b0039f62fd17) Importer(815301076,1909f56bfc062723c751e8b465ee728b)  -> (artifact id: '041399ad6706fc464f912dcecc93a03a') in 0.907683 seconds
  Import took 0.935141 seconds .

========================================================================
Received Import Request.
  Time since last request: 0.057237 seconds.
  path: Assets/Try/Zoe_No29/Zoe_Atlas.asset
  artifactKey: Guid(9fef5ef7194cb4346abfde64e65c0f0e) Importer(815301076,1909f56bfc062723c751e8b465ee728b)
Start importing Assets/Try/Zoe_No29/Zoe_Atlas.asset using Guid(9fef5ef7194cb4346abfde64e65c0f0e) Importer(815301076,1909f56bfc062723c751e8b465ee728b)  -> (artifact id: '60855fbc1ec93ab056f7d997225dabf3') in 0.007894 seconds
  Import took 0.029945 seconds .

========================================================================
Received Import Request.
  Time since last request: 15.701424 seconds.
  path: Assets/Try/Zoe_No29/Zoe.png
  artifactKey: Guid(de75bf0f71c98e64e93ee334bedfb6b1) Importer(815301076,1909f56bfc062723c751e8b465ee728b)
Start importing Assets/Try/Zoe_No29/Zoe.png using Guid(de75bf0f71c98e64e93ee334bedfb6b1) Importer(815301076,1909f56bfc062723c751e8b465ee728b)  -> (artifact id: 'e904d9e75490bde0b5aa4f70b056d196') in 0.014489 seconds
  Import took 0.036398 seconds .

========================================================================
Received Import Request.
  Time since last request: 11.933654 seconds.
  path: Assets/Try/Zoe_No29/Zoe.png
  artifactKey: Guid(de75bf0f71c98e64e93ee334bedfb6b1) Importer(815301076,1909f56bfc062723c751e8b465ee728b)
Start importing Assets/Try/Zoe_No29/Zoe.png using Guid(de75bf0f71c98e64e93ee334bedfb6b1) Importer(815301076,1909f56bfc062723c751e8b465ee728b)  -> (artifact id: '4eecab96aa24e83afe7130f676ea2817') in 0.033699 seconds
  Import took 0.055430 seconds .

========================================================================
Received Import Request.
  Time since last request: 4.032166 seconds.
  path: Assets/Try/Zoe_No29/Zoe.png
  artifactKey: Guid(de75bf0f71c98e64e93ee334bedfb6b1) Importer(815301076,1909f56bfc062723c751e8b465ee728b)
Start importing Assets/Try/Zoe_No29/Zoe.png using Guid(de75bf0f71c98e64e93ee334bedfb6b1) Importer(815301076,1909f56bfc062723c751e8b465ee728b)  -> (artifact id: '009a29409584b579a3e2263820882fe6') in 0.035524 seconds
  Import took 0.049965 seconds .

========================================================================
Received Prepare
Registering precompiled user dll's ...
Registered in 0.010996 seconds.
Begin MonoManager ReloadAssembly
Native extension for WindowsStandalone target not found
Native extension for OSXStandalone target not found
Refreshing native plugins compatible for Editor in 1.26 ms, found 1 plugins.
Preloading 0 native plugins for Editor in 0.00 ms.
Invoked RoslynAnalysisRunner static constructor.
RoslynAnalysisRunner will not be running.
RoslynAnalysisRunner has terminated.
NullReferenceException: Object reference not set to an instance of an object
  at XNodeEditor.NodeEditorAssetModProcessor.OnReloadEditor () [0x0004e] in D:\Unity\Zoe\Zoe_Project_Ver3\Assets\Plugins\CizaTool2D\Plugins\XNode\Scripts\Editor\NodeEditorAssetModProcessor.cs:55 

(Filename: Assets/Plugins/CizaTool2D/Plugins/XNode/Scripts/Editor/NodeEditorAssetModProcessor.cs Line: 55)

Mono: successfully reloaded assembly
- Completed reload, in  3.481 seconds
Platform modules already initialized, skipping
Shader 'Universal Render Pipeline/Particles/Lit': fallback shader 'Universal Render Pipeline/Particles/SimpleLit' not found
Refreshing native plugins compatible for Editor in 1.25 ms, found 1 plugins.
Preloading 0 native plugins for Editor in 0.00 ms.
Unloading 4154 Unused Serialized files (Serialized files now loaded: 0)
System memory in use before: 217.8 MB.
System memory in use after: 216.7 MB.

Unloading 89 unused Assets to reduce memory usage. Loaded Objects now: 4847.
Total: 36.229200 ms (FindLiveObjects: 0.630800 ms CreateObjectMapping: 0.463900 ms MarkObjects: 33.684000 ms  DeleteObjects: 1.448600 ms)

========================================================================
Received Prepare
Registering precompiled user dll's ...
Registered in 0.016254 seconds.
Begin MonoManager ReloadAssembly
Native extension for WindowsStandalone target not found
Native extension for OSXStandalone target not found
Refreshing native plugins compatible for Editor in 1.02 ms, found 1 plugins.
Preloading 0 native plugins for Editor in 0.00 ms.
Invoked RoslynAnalysisRunner static constructor.
RoslynAnalysisRunner will not be running.
RoslynAnalysisRunner has terminated.
NullReferenceException: Object reference not set to an instance of an object
  at XNodeEditor.NodeEditorAssetModProcessor.OnReloadEditor () [0x0004e] in D:\Unity\Zoe\Zoe_Project_Ver3\Assets\Plugins\CizaTool2D\Plugins\XNode\Scripts\Editor\NodeEditorAssetModProcessor.cs:55 

(Filename: Assets/Plugins/CizaTool2D/Plugins/XNode/Scripts/Editor/NodeEditorAssetModProcessor.cs Line: 55)

Mono: successfully reloaded assembly
- Completed reload, in  2.691 seconds
Platform modules already initialized, skipping
Shader 'Universal Render Pipeline/Particles/Lit': fallback shader 'Universal Render Pipeline/Particles/SimpleLit' not found
Refreshing native plugins compatible for Editor in 1.19 ms, found 1 plugins.
Preloading 0 native plugins for Editor in 0.00 ms.
Unloading 4154 Unused Serialized files (Serialized files now loaded: 0)
System memory in use before: 217.9 MB.
System memory in use after: 216.9 MB.

Unloading 89 unused Assets to reduce memory usage. Loaded Objects now: 4850.
Total: 41.120200 ms (FindLiveObjects: 1.581600 ms CreateObjectMapping: 1.432000 ms MarkObjects: 36.366500 ms  DeleteObjects: 1.738200 ms)

========================================================================
Received Prepare
Registering precompiled user dll's ...
Registered in 0.007129 seconds.
Begin MonoManager ReloadAssembly
Native extension for WindowsStandalone target not found
Native extension for OSXStandalone target not found
Refreshing native plugins compatible for Editor in 1.38 ms, found 1 plugins.
Preloading 0 native plugins for Editor in 0.00 ms.
Invoked RoslynAnalysisRunner static constructor.
RoslynAnalysisRunner will not be running.
RoslynAnalysisRunner has terminated.
NullReferenceException: Object reference not set to an instance of an object
  at XNodeEditor.NodeEditorAssetModProcessor.OnReloadEditor () [0x0004e] in D:\Unity\Zoe\Zoe_Project_Ver3\Assets\Plugins\CizaTool2D\Plugins\XNode\Scripts\Editor\NodeEditorAssetModProcessor.cs:55 

(Filename: Assets/Plugins/CizaTool2D/Plugins/XNode/Scripts/Editor/NodeEditorAssetModProcessor.cs Line: 55)

Mono: successfully reloaded assembly
- Completed reload, in  2.786 seconds
Platform modules already initialized, skipping
Shader 'Universal Render Pipeline/Particles/Lit': fallback shader 'Universal Render Pipeline/Particles/SimpleLit' not found
Refreshing native plugins compatible for Editor in 1.39 ms, found 1 plugins.
Preloading 0 native plugins for Editor in 0.00 ms.
Unloading 4154 Unused Serialized files (Serialized files now loaded: 0)
System memory in use before: 218.0 MB.
System memory in use after: 216.9 MB.

Unloading 89 unused Assets to reduce memory usage. Loaded Objects now: 4853.
Total: 39.130600 ms (FindLiveObjects: 0.711600 ms CreateObjectMapping: 0.364500 ms MarkObjects: 35.162200 ms  DeleteObjects: 2.890300 ms)

========================================================================
Received Prepare
Registering precompiled user dll's ...
Registered in 0.006775 seconds.
Begin MonoManager ReloadAssembly
Native extension for WindowsStandalone target not found
Native extension for OSXStandalone target not found
Refreshing native plugins compatible for Editor in 1.04 ms, found 1 plugins.
Preloading 0 native plugins for Editor in 0.00 ms.
Invoked RoslynAnalysisRunner static constructor.
RoslynAnalysisRunner will not be running.
RoslynAnalysisRunner has terminated.
NullReferenceException: Object reference not set to an instance of an object
  at XNodeEditor.NodeEditorAssetModProcessor.OnReloadEditor () [0x0004e] in D:\Unity\Zoe\Zoe_Project_Ver3\Assets\Plugins\CizaTool2D\Plugins\XNode\Scripts\Editor\NodeEditorAssetModProcessor.cs:55 

(Filename: Assets/Plugins/CizaTool2D/Plugins/XNode/Scripts/Editor/NodeEditorAssetModProcessor.cs Line: 55)

Mono: successfully reloaded assembly
- Completed reload, in  2.395 seconds
Platform modules already initialized, skipping
Shader 'Universal Render Pipeline/Particles/Lit': fallback shader 'Universal Render Pipeline/Particles/SimpleLit' not found
Refreshing native plugins compatible for Editor in 1.12 ms, found 1 plugins.
Preloading 0 native plugins for Editor in 0.00 ms.
Unloading 4154 Unused Serialized files (Serialized files now loaded: 0)
System memory in use before: 218.0 MB.
System memory in use after: 216.9 MB.

Unloading 89 unused Assets to reduce memory usage. Loaded Objects now: 4856.
Total: 26.200000 ms (FindLiveObjects: 0.524100 ms CreateObjectMapping: 0.368000 ms MarkObjects: 23.927100 ms  DeleteObjects: 1.378600 ms)

========================================================================
Received Import Request.
  Time since last request: 465.519018 seconds.
  path: Assets/Try/Zoe_No29/Zoe_SkeletonData.asset
  artifactKey: Guid(6f13c297efd9f5e4a9f8b0039f62fd17) Importer(815301076,1909f56bfc062723c751e8b465ee728b)
Start importing Assets/Try/Zoe_No29/Zoe_SkeletonData.asset using Guid(6f13c297efd9f5e4a9f8b0039f62fd17) Importer(815301076,1909f56bfc062723c751e8b465ee728b)  -> (artifact id: '5cb3ff779f21f948b91d6fdace200811') in 2.505634 seconds
  Import took 2.552514 seconds .

========================================================================
Received Import Request.
  Time since last request: 0.013066 seconds.
  path: Assets/Try/Zoe_No29/Zoe_SkeletonData.asset
  artifactKey: Guid(6f13c297efd9f5e4a9f8b0039f62fd17) Importer(815301076,1909f56bfc062723c751e8b465ee728b)
Start importing Assets/Try/Zoe_No29/Zoe_SkeletonData.asset using Guid(6f13c297efd9f5e4a9f8b0039f62fd17) Importer(815301076,1909f56bfc062723c751e8b465ee728b)  -> (artifact id: '5cb3ff779f21f948b91d6fdace200811') in 1.187848 seconds
  Import took 1.199277 seconds .

========================================================================
Received Import Request.
  Time since last request: 26.870728 seconds.
  path: Assets/_Project/Scriptables/PlayerSetting.asset
  artifactKey: Guid(f92b2667e1f0cc5439f7ddc3ca30ec1c) Importer(815301076,1909f56bfc062723c751e8b465ee728b)
Start importing Assets/_Project/Scriptables/PlayerSetting.asset using Guid(f92b2667e1f0cc5439f7ddc3ca30ec1c) Importer(815301076,1909f56bfc062723c751e8b465ee728b)  -> (artifact id: 'c555e8aefeb15825d5b339919195214c') in 1.545984 seconds
  Import took 1.586991 seconds .

========================================================================
Received Prepare
Registering precompiled user dll's ...
Registered in 0.009530 seconds.
Begin MonoManager ReloadAssembly
Native extension for WindowsStandalone target not found
Native extension for OSXStandalone target not found
Refreshing native plugins compatible for Editor in 1.13 ms, found 1 plugins.
Preloading 0 native plugins for Editor in 0.00 ms.
Invoked RoslynAnalysisRunner static constructor.
RoslynAnalysisRunner will not be running.
RoslynAnalysisRunner has terminated.
NullReferenceException: Object reference not set to an instance of an object
  at XNodeEditor.NodeEditorAssetModProcessor.OnReloadEditor () [0x0004e] in D:\Unity\Zoe\Zoe_Project_Ver3\Assets\Plugins\CizaTool2D\Plugins\XNode\Scripts\Editor\NodeEditorAssetModProcessor.cs:55 

(Filename: Assets/Plugins/CizaTool2D/Plugins/XNode/Scripts/Editor/NodeEditorAssetModProcessor.cs Line: 55)

Mono: successfully reloaded assembly
- Completed reload, in  2.894 seconds
Platform modules already initialized, skipping
Shader 'Universal Render Pipeline/Particles/Lit': fallback shader 'Universal Render Pipeline/Particles/SimpleLit' not found
Refreshing native plugins compatible for Editor in 1.15 ms, found 1 plugins.
Preloading 0 native plugins for Editor in 0.00 ms.
Unloading 4154 Unused Serialized files (Serialized files now loaded: 0)
System memory in use before: 218.2 MB.
System memory in use after: 217.2 MB.

Unloading 89 unused Assets to reduce memory usage. Loaded Objects now: 4896.
Total: 27.229300 ms (FindLiveObjects: 0.530100 ms CreateObjectMapping: 0.360600 ms MarkObjects: 24.795700 ms  DeleteObjects: 1.541100 ms)

========================================================================
Received Import Request.
  Time since last request: 433.148989 seconds.
  path: Assets/Try/UI/準星.psb
  artifactKey: Guid(06dbe512b30a74c4cada6c48f89eddc2) Importer(815301076,1909f56bfc062723c751e8b465ee728b)
Start importing Assets/Try/UI/準星.psb using Guid(06dbe512b30a74c4cada6c48f89eddc2) Importer(815301076,1909f56bfc062723c751e8b465ee728b)  -> (artifact id: 'd6e69dbc1495d356afcf85695c3fba3c') in 0.361278 seconds
  Import took 0.394448 seconds .

========================================================================
Received Import Request.
  Time since last request: 11.666134 seconds.
  path: Assets/Try/UI/準星.psb
  artifactKey: Guid(06dbe512b30a74c4cada6c48f89eddc2) Importer(815301076,1909f56bfc062723c751e8b465ee728b)
Start importing Assets/Try/UI/準星.psb using Guid(06dbe512b30a74c4cada6c48f89eddc2) Importer(815301076,1909f56bfc062723c751e8b465ee728b)  -> (artifact id: '1daaca2e7b0bbd1d9a8f6cb2103c0e6f') in 0.111614 seconds
  Import took 0.138124 seconds .

========================================================================
Received Import Request.
  Time since last request: 2.696312 seconds.
  path: Assets/Try/UI/準星.psb
  artifactKey: Guid(06dbe512b30a74c4cada6c48f89eddc2) Importer(815301076,1909f56bfc062723c751e8b465ee728b)
Start importing Assets/Try/UI/準星.psb using Guid(06dbe512b30a74c4cada6c48f89eddc2) Importer(815301076,1909f56bfc062723c751e8b465ee728b)  -> (artifact id: 'f5310481a2c3ee102d5c53c6484980fe') in 0.075026 seconds
  Import took 0.098987 seconds .

========================================================================
Received Prepare
Registering precompiled user dll's ...
Registered in 0.011115 seconds.
Begin MonoManager ReloadAssembly
Native extension for WindowsStandalone target not found
Native extension for OSXStandalone target not found
Refreshing native plugins compatible for Editor in 1.07 ms, found 1 plugins.
Preloading 0 native plugins for Editor in 0.00 ms.
Invoked RoslynAnalysisRunner static constructor.
RoslynAnalysisRunner will not be running.
RoslynAnalysisRunner has terminated.
NullReferenceException: Object reference not set to an instance of an object
  at XNodeEditor.NodeEditorAssetModProcessor.OnReloadEditor () [0x0004e] in D:\Unity\Zoe\Zoe_Project_Ver3\Assets\Plugins\CizaTool2D\Plugins\XNode\Scripts\Editor\NodeEditorAssetModProcessor.cs:55 

(Filename: Assets/Plugins/CizaTool2D/Plugins/XNode/Scripts/Editor/NodeEditorAssetModProcessor.cs Line: 55)

Mono: successfully reloaded assembly
- Completed reload, in  2.614 seconds
Platform modules already initialized, skipping
Shader 'Universal Render Pipeline/Particles/Lit': fallback shader 'Universal Render Pipeline/Particles/SimpleLit' not found
Refreshing native plugins compatible for Editor in 1.68 ms, found 1 plugins.
Preloading 0 native plugins for Editor in 0.00 ms.
Unloading 4154 Unused Serialized files (Serialized files now loaded: 0)
System memory in use before: 218.4 MB.
System memory in use after: 217.4 MB.

Unloading 89 unused Assets to reduce memory usage. Loaded Objects now: 4942.
Total: 26.925400 ms (FindLiveObjects: 0.767800 ms CreateObjectMapping: 0.461500 ms MarkObjects: 24.192200 ms  DeleteObjects: 1.501500 ms)

========================================================================
Received Prepare
Registering precompiled user dll's ...
Registered in 0.011730 seconds.
Begin MonoManager ReloadAssembly
Native extension for WindowsStandalone target not found
Native extension for OSXStandalone target not found
Refreshing native plugins compatible for Editor in 1.02 ms, found 1 plugins.
Preloading 0 native plugins for Editor in 0.00 ms.
Invoked RoslynAnalysisRunner static constructor.
RoslynAnalysisRunner will not be running.
RoslynAnalysisRunner has terminated.
NullReferenceException: Object reference not set to an instance of an object
  at XNodeEditor.NodeEditorAssetModProcessor.OnReloadEditor () [0x0004e] in D:\Unity\Zoe\Zoe_Project_Ver3\Assets\Plugins\CizaTool2D\Plugins\XNode\Scripts\Editor\NodeEditorAssetModProcessor.cs:55 

(Filename: Assets/Plugins/CizaTool2D/Plugins/XNode/Scripts/Editor/NodeEditorAssetModProcessor.cs Line: 55)

Mono: successfully reloaded assembly
- Completed reload, in  3.798 seconds
Platform modules already initialized, skipping
Shader 'Universal Render Pipeline/Particles/Lit': fallback shader 'Universal Render Pipeline/Particles/SimpleLit' not found
Refreshing native plugins compatible for Editor in 1.23 ms, found 1 plugins.
Preloading 0 native plugins for Editor in 0.00 ms.
Unloading 4154 Unused Serialized files (Serialized files now loaded: 0)
System memory in use before: 218.4 MB.
System memory in use after: 217.4 MB.

Unloading 89 unused Assets to reduce memory usage. Loaded Objects now: 4945.
Total: 27.410300 ms (FindLiveObjects: 0.644400 ms CreateObjectMapping: 0.380000 ms MarkObjects: 24.885500 ms  DeleteObjects: 1.498100 ms)

========================================================================
Received Prepare
Registering precompiled user dll's ...
Registered in 0.006560 seconds.
Begin MonoManager ReloadAssembly
Native extension for WindowsStandalone target not found
Native extension for OSXStandalone target not found
Refreshing native plugins compatible for Editor in 1.05 ms, found 1 plugins.
Preloading 0 native plugins for Editor in 0.00 ms.
Invoked RoslynAnalysisRunner static constructor.
RoslynAnalysisRunner will not be running.
RoslynAnalysisRunner has terminated.
NullReferenceException: Object reference not set to an instance of an object
  at XNodeEditor.NodeEditorAssetModProcessor.OnReloadEditor () [0x0004e] in D:\Unity\Zoe\Zoe_Project_Ver3\Assets\Plugins\CizaTool2D\Plugins\XNode\Scripts\Editor\NodeEditorAssetModProcessor.cs:55 

(Filename: Assets/Plugins/CizaTool2D/Plugins/XNode/Scripts/Editor/NodeEditorAssetModProcessor.cs Line: 55)

Mono: successfully reloaded assembly
- Completed reload, in  2.348 seconds
Platform modules already initialized, skipping
Shader 'Universal Render Pipeline/Particles/Lit': fallback shader 'Universal Render Pipeline/Particles/SimpleLit' not found
Refreshing native plugins compatible for Editor in 1.04 ms, found 1 plugins.
Preloading 0 native plugins for Editor in 0.00 ms.
Unloading 4154 Unused Serialized files (Serialized files now loaded: 0)
System memory in use before: 208.7 MB.
System memory in use after: 207.6 MB.

Unloading 89 unused Assets to reduce memory usage. Loaded Objects now: 4948.
Total: 31.255900 ms (FindLiveObjects: 0.492700 ms CreateObjectMapping: 0.358400 ms MarkObjects: 27.213000 ms  DeleteObjects: 3.189200 ms)

========================================================================
Received Prepare
Registering precompiled user dll's ...
Registered in 0.008389 seconds.
Begin MonoManager ReloadAssembly
Native extension for WindowsStandalone target not found
Native extension for OSXStandalone target not found
Refreshing native plugins compatible for Editor in 1.05 ms, found 1 plugins.
Preloading 0 native plugins for Editor in 0.00 ms.
Invoked RoslynAnalysisRunner static constructor.
RoslynAnalysisRunner will not be running.
RoslynAnalysisRunner has terminated.
NullReferenceException: Object reference not set to an instance of an object
  at XNodeEditor.NodeEditorAssetModProcessor.OnReloadEditor () [0x0004e] in D:\Unity\Zoe\Zoe_Project_Ver3\Assets\Plugins\CizaTool2D\Plugins\XNode\Scripts\Editor\NodeEditorAssetModProcessor.cs:55 

(Filename: Assets/Plugins/CizaTool2D/Plugins/XNode/Scripts/Editor/NodeEditorAssetModProcessor.cs Line: 55)

Mono: successfully reloaded assembly
- Completed reload, in  2.663 seconds
Platform modules already initialized, skipping
Shader 'Universal Render Pipeline/Particles/Lit': fallback shader 'Universal Render Pipeline/Particles/SimpleLit' not found
Refreshing native plugins compatible for Editor in 2.96 ms, found 1 plugins.
Preloading 0 native plugins for Editor in 0.00 ms.
Unloading 4154 Unused Serialized files (Serialized files now loaded: 0)
System memory in use before: 208.7 MB.
System memory in use after: 207.6 MB.

Unloading 89 unused Assets to reduce memory usage. Loaded Objects now: 4951.
Total: 34.104200 ms (FindLiveObjects: 0.505700 ms CreateObjectMapping: 0.296700 ms MarkObjects: 31.631500 ms  DeleteObjects: 1.668500 ms)

========================================================================
Received Prepare
Registering precompiled user dll's ...
Registered in 0.006104 seconds.
Begin MonoManager ReloadAssembly
Native extension for WindowsStandalone target not found
Native extension for OSXStandalone target not found
Refreshing native plugins compatible for Editor in 1.03 ms, found 1 plugins.
Preloading 0 native plugins for Editor in 0.00 ms.
Invoked RoslynAnalysisRunner static constructor.
RoslynAnalysisRunner will not be running.
RoslynAnalysisRunner has terminated.
NullReferenceException: Object reference not set to an instance of an object
  at XNodeEditor.NodeEditorAssetModProcessor.OnReloadEditor () [0x0004e] in D:\Unity\Zoe\Zoe_Project_Ver3\Assets\Plugins\CizaTool2D\Plugins\XNode\Scripts\Editor\NodeEditorAssetModProcessor.cs:55 

(Filename: Assets/Plugins/CizaTool2D/Plugins/XNode/Scripts/Editor/NodeEditorAssetModProcessor.cs Line: 55)

Mono: successfully reloaded assembly
- Completed reload, in  2.774 seconds
Platform modules already initialized, skipping
Shader 'Universal Render Pipeline/Particles/Lit': fallback shader 'Universal Render Pipeline/Particles/SimpleLit' not found
Refreshing native plugins compatible for Editor in 1.03 ms, found 1 plugins.
Preloading 0 native plugins for Editor in 0.00 ms.
Unloading 4154 Unused Serialized files (Serialized files now loaded: 0)
System memory in use before: 218.5 MB.
System memory in use after: 217.4 MB.

Unloading 89 unused Assets to reduce memory usage. Loaded Objects now: 4954.
Total: 28.553300 ms (FindLiveObjects: 0.503300 ms CreateObjectMapping: 0.342800 ms MarkObjects: 26.129600 ms  DeleteObjects: 1.575700 ms)

========================================================================
Received Prepare
Registering precompiled user dll's ...
Registered in 0.006795 seconds.
Begin MonoManager ReloadAssembly
Native extension for WindowsStandalone target not found
Native extension for OSXStandalone target not found
Refreshing native plugins compatible for Editor in 1.08 ms, found 1 plugins.
Preloading 0 native plugins for Editor in 0.00 ms.
Invoked RoslynAnalysisRunner static constructor.
RoslynAnalysisRunner will not be running.
RoslynAnalysisRunner has terminated.
NullReferenceException: Object reference not set to an instance of an object
  at XNodeEditor.NodeEditorAssetModProcessor.OnReloadEditor () [0x0004e] in D:\Unity\Zoe\Zoe_Project_Ver3\Assets\Plugins\CizaTool2D\Plugins\XNode\Scripts\Editor\NodeEditorAssetModProcessor.cs:55 

(Filename: Assets/Plugins/CizaTool2D/Plugins/XNode/Scripts/Editor/NodeEditorAssetModProcessor.cs Line: 55)

Mono: successfully reloaded assembly
- Completed reload, in  2.368 seconds
Platform modules already initialized, skipping
Shader 'Universal Render Pipeline/Particles/Lit': fallback shader 'Universal Render Pipeline/Particles/SimpleLit' not found
Refreshing native plugins compatible for Editor in 1.14 ms, found 1 plugins.
Preloading 0 native plugins for Editor in 0.00 ms.
Unloading 4154 Unused Serialized files (Serialized files now loaded: 0)
System memory in use before: 208.8 MB.
System memory in use after: 207.7 MB.

Unloading 89 unused Assets to reduce memory usage. Loaded Objects now: 4957.
Total: 33.381700 ms (FindLiveObjects: 0.497700 ms CreateObjectMapping: 3.220000 ms MarkObjects: 27.807400 ms  DeleteObjects: 1.854700 ms)

========================================================================
Received Prepare
Registering precompiled user dll's ...
Registered in 0.006614 seconds.
Begin MonoManager ReloadAssembly
Native extension for WindowsStandalone target not found
Native extension for OSXStandalone target not found
Refreshing native plugins compatible for Editor in 1.03 ms, found 1 plugins.
Preloading 0 native plugins for Editor in 0.00 ms.
Invoked RoslynAnalysisRunner static constructor.
RoslynAnalysisRunner will not be running.
RoslynAnalysisRunner has terminated.
NullReferenceException: Object reference not set to an instance of an object
  at XNodeEditor.NodeEditorAssetModProcessor.OnReloadEditor () [0x0004e] in D:\Unity\Zoe\Zoe_Project_Ver3\Assets\Plugins\CizaTool2D\Plugins\XNode\Scripts\Editor\NodeEditorAssetModProcessor.cs:55 

(Filename: Assets/Plugins/CizaTool2D/Plugins/XNode/Scripts/Editor/NodeEditorAssetModProcessor.cs Line: 55)

Mono: successfully reloaded assembly
- Completed reload, in  2.861 seconds
Platform modules already initialized, skipping
Shader 'Universal Render Pipeline/Particles/Lit': fallback shader 'Universal Render Pipeline/Particles/SimpleLit' not found
Refreshing native plugins compatible for Editor in 1.06 ms, found 1 plugins.
Preloading 0 native plugins for Editor in 0.00 ms.
Unloading 4154 Unused Serialized files (Serialized files now loaded: 0)
System memory in use before: 208.8 MB.
System memory in use after: 207.7 MB.

Unloading 89 unused Assets to reduce memory usage. Loaded Objects now: 4960.
Total: 27.496700 ms (FindLiveObjects: 0.564300 ms CreateObjectMapping: 0.360600 ms MarkObjects: 24.930700 ms  DeleteObjects: 1.639100 ms)

========================================================================
Received Prepare
Registering precompiled user dll's ...
Registered in 0.006221 seconds.
Begin MonoManager ReloadAssembly
Native extension for WindowsStandalone target not found
Native extension for OSXStandalone target not found
Refreshing native plugins compatible for Editor in 1.05 ms, found 1 plugins.
Preloading 0 native plugins for Editor in 0.00 ms.
Invoked RoslynAnalysisRunner static constructor.
RoslynAnalysisRunner will not be running.
RoslynAnalysisRunner has terminated.
NullReferenceException: Object reference not set to an instance of an object
  at XNodeEditor.NodeEditorAssetModProcessor.OnReloadEditor () [0x0004e] in D:\Unity\Zoe\Zoe_Project_Ver3\Assets\Plugins\CizaTool2D\Plugins\XNode\Scripts\Editor\NodeEditorAssetModProcessor.cs:55 

(Filename: Assets/Plugins/CizaTool2D/Plugins/XNode/Scripts/Editor/NodeEditorAssetModProcessor.cs Line: 55)

Mono: successfully reloaded assembly
- Completed reload, in  2.312 seconds
Platform modules already initialized, skipping
Shader 'Universal Render Pipeline/Particles/Lit': fallback shader 'Universal Render Pipeline/Particles/SimpleLit' not found
Refreshing native plugins compatible for Editor in 1.06 ms, found 1 plugins.
Preloading 0 native plugins for Editor in 0.00 ms.
Unloading 4154 Unused Serialized files (Serialized files now loaded: 0)
System memory in use before: 218.5 MB.
System memory in use after: 217.5 MB.

Unloading 89 unused Assets to reduce memory usage. Loaded Objects now: 4963.
Total: 28.789500 ms (FindLiveObjects: 0.565500 ms CreateObjectMapping: 0.416800 ms MarkObjects: 26.316000 ms  DeleteObjects: 1.489200 ms)

========================================================================
Received Prepare
Registering precompiled user dll's ...
Registered in 0.007028 seconds.
Begin MonoManager ReloadAssembly
Native extension for WindowsStandalone target not found
Native extension for OSXStandalone target not found
Refreshing native plugins compatible for Editor in 1.17 ms, found 1 plugins.
Preloading 0 native plugins for Editor in 0.00 ms.
Invoked RoslynAnalysisRunner static constructor.
RoslynAnalysisRunner will not be running.
RoslynAnalysisRunner has terminated.
NullReferenceException: Object reference not set to an instance of an object
  at XNodeEditor.NodeEditorAssetModProcessor.OnReloadEditor () [0x0004e] in D:\Unity\Zoe\Zoe_Project_Ver3\Assets\Plugins\CizaTool2D\Plugins\XNode\Scripts\Editor\NodeEditorAssetModProcessor.cs:55 

(Filename: Assets/Plugins/CizaTool2D/Plugins/XNode/Scripts/Editor/NodeEditorAssetModProcessor.cs Line: 55)

Mono: successfully reloaded assembly
- Completed reload, in  2.887 seconds
Platform modules already initialized, skipping
Shader 'Universal Render Pipeline/Particles/Lit': fallback shader 'Universal Render Pipeline/Particles/SimpleLit' not found
Refreshing native plugins compatible for Editor in 1.05 ms, found 1 plugins.
Preloading 0 native plugins for Editor in 0.00 ms.
Unloading 4154 Unused Serialized files (Serialized files now loaded: 0)
System memory in use before: 218.5 MB.
System memory in use after: 217.5 MB.

Unloading 89 unused Assets to reduce memory usage. Loaded Objects now: 4966.
Total: 28.187100 ms (FindLiveObjects: 0.471700 ms CreateObjectMapping: 0.302600 ms MarkObjects: 25.700300 ms  DeleteObjects: 1.711000 ms)

========================================================================
Received Prepare
Registering precompiled user dll's ...
Registered in 0.006613 seconds.
Begin MonoManager ReloadAssembly
Native extension for WindowsStandalone target not found
Native extension for OSXStandalone target not found
Refreshing native plugins compatible for Editor in 1.02 ms, found 1 plugins.
Preloading 0 native plugins for Editor in 0.00 ms.
Invoked RoslynAnalysisRunner static constructor.
RoslynAnalysisRunner will not be running.
RoslynAnalysisRunner has terminated.
NullReferenceException: Object reference not set to an instance of an object
  at XNodeEditor.NodeEditorAssetModProcessor.OnReloadEditor () [0x0004e] in D:\Unity\Zoe\Zoe_Project_Ver3\Assets\Plugins\CizaTool2D\Plugins\XNode\Scripts\Editor\NodeEditorAssetModProcessor.cs:55 

(Filename: Assets/Plugins/CizaTool2D/Plugins/XNode/Scripts/Editor/NodeEditorAssetModProcessor.cs Line: 55)

Mono: successfully reloaded assembly
- Completed reload, in  2.839 seconds
Platform modules already initialized, skipping
Shader 'Universal Render Pipeline/Particles/Lit': fallback shader 'Universal Render Pipeline/Particles/SimpleLit' not found
Refreshing native plugins compatible for Editor in 1.20 ms, found 1 plugins.
Preloading 0 native plugins for Editor in 0.00 ms.
Unloading 4154 Unused Serialized files (Serialized files now loaded: 0)
System memory in use before: 208.8 MB.
System memory in use after: 207.7 MB.

Unloading 89 unused Assets to reduce memory usage. Loaded Objects now: 4969.
Total: 38.991600 ms (FindLiveObjects: 0.515400 ms CreateObjectMapping: 0.388000 ms MarkObjects: 35.873300 ms  DeleteObjects: 2.213500 ms)

========================================================================
Received Import Request.
  Time since last request: 1888.343300 seconds.
  path: Assets/_Project/Scriptables/PlayerSetting.asset
  artifactKey: Guid(f92b2667e1f0cc5439f7ddc3ca30ec1c) Importer(815301076,1909f56bfc062723c751e8b465ee728b)
Start importing Assets/_Project/Scriptables/PlayerSetting.asset using Guid(f92b2667e1f0cc5439f7ddc3ca30ec1c) Importer(815301076,1909f56bfc062723c751e8b465ee728b)  -> (artifact id: 'b44755dc3d5bd9b1f3f14aa8f2f2631d') in 0.176896 seconds
  Import took 0.203389 seconds .

========================================================================
Received Prepare
Registering precompiled user dll's ...
Registered in 0.007834 seconds.
Begin MonoManager ReloadAssembly
Native extension for WindowsStandalone target not found
Native extension for OSXStandalone target not found
Refreshing native plugins compatible for Editor in 1.09 ms, found 1 plugins.
Preloading 0 native plugins for Editor in 0.00 ms.
Invoked RoslynAnalysisRunner static constructor.
RoslynAnalysisRunner will not be running.
RoslynAnalysisRunner has terminated.
NullReferenceException: Object reference not set to an instance of an object
  at XNodeEditor.NodeEditorAssetModProcessor.OnReloadEditor () [0x0004e] in D:\Unity\Zoe\Zoe_Project_Ver3\Assets\Plugins\CizaTool2D\Plugins\XNode\Scripts\Editor\NodeEditorAssetModProcessor.cs:55 

(Filename: Assets/Plugins/CizaTool2D/Plugins/XNode/Scripts/Editor/NodeEditorAssetModProcessor.cs Line: 55)

Mono: successfully reloaded assembly
- Completed reload, in  2.984 seconds
Platform modules already initialized, skipping
Shader 'Universal Render Pipeline/Particles/Lit': fallback shader 'Universal Render Pipeline/Particles/SimpleLit' not found
Refreshing native plugins compatible for Editor in 1.32 ms, found 1 plugins.
Preloading 0 native plugins for Editor in 0.00 ms.
Unloading 4154 Unused Serialized files (Serialized files now loaded: 0)
System memory in use before: 218.6 MB.
System memory in use after: 217.5 MB.

Unloading 89 unused Assets to reduce memory usage. Loaded Objects now: 4972.
Total: 31.337100 ms (FindLiveObjects: 1.783300 ms CreateObjectMapping: 0.682500 ms MarkObjects: 27.346300 ms  DeleteObjects: 1.523500 ms)

========================================================================
Received Prepare
Registering precompiled user dll's ...
Registered in 0.006391 seconds.
Begin MonoManager ReloadAssembly
Native extension for WindowsStandalone target not found
Native extension for OSXStandalone target not found
Refreshing native plugins compatible for Editor in 1.08 ms, found 1 plugins.
Preloading 0 native plugins for Editor in 0.00 ms.
Invoked RoslynAnalysisRunner static constructor.
RoslynAnalysisRunner will not be running.
RoslynAnalysisRunner has terminated.
NullReferenceException: Object reference not set to an instance of an object
  at XNodeEditor.NodeEditorAssetModProcessor.OnReloadEditor () [0x0004e] in D:\Unity\Zoe\Zoe_Project_Ver3\Assets\Plugins\CizaTool2D\Plugins\XNode\Scripts\Editor\NodeEditorAssetModProcessor.cs:55 

(Filename: Assets/Plugins/CizaTool2D/Plugins/XNode/Scripts/Editor/NodeEditorAssetModProcessor.cs Line: 55)

Mono: successfully reloaded assembly
- Completed reload, in  2.455 seconds
Platform modules already initialized, skipping
Shader 'Universal Render Pipeline/Particles/Lit': fallback shader 'Universal Render Pipeline/Particles/SimpleLit' not found
Refreshing native plugins compatible for Editor in 1.12 ms, found 1 plugins.
Preloading 0 native plugins for Editor in 0.00 ms.
Unloading 4154 Unused Serialized files (Serialized files now loaded: 0)
System memory in use before: 218.5 MB.
System memory in use after: 217.5 MB.

Unloading 89 unused Assets to reduce memory usage. Loaded Objects now: 4975.
Total: 27.580900 ms (FindLiveObjects: 0.518300 ms CreateObjectMapping: 0.484200 ms MarkObjects: 25.147700 ms  DeleteObjects: 1.428900 ms)

========================================================================
Received Prepare
Registering precompiled user dll's ...
Registered in 0.008677 seconds.
Begin MonoManager ReloadAssembly
Native extension for WindowsStandalone target not found
Native extension for OSXStandalone target not found
Refreshing native plugins compatible for Editor in 1.13 ms, found 1 plugins.
Preloading 0 native plugins for Editor in 0.00 ms.
Invoked RoslynAnalysisRunner static constructor.
RoslynAnalysisRunner will not be running.
RoslynAnalysisRunner has terminated.
NullReferenceException: Object reference not set to an instance of an object
  at XNodeEditor.NodeEditorAssetModProcessor.OnReloadEditor () [0x0004e] in D:\Unity\Zoe\Zoe_Project_Ver3\Assets\Plugins\CizaTool2D\Plugins\XNode\Scripts\Editor\NodeEditorAssetModProcessor.cs:55 

(Filename: Assets/Plugins/CizaTool2D/Plugins/XNode/Scripts/Editor/NodeEditorAssetModProcessor.cs Line: 55)

Mono: successfully reloaded assembly
- Completed reload, in  2.316 seconds
Platform modules already initialized, skipping
Shader 'Universal Render Pipeline/Particles/Lit': fallback shader 'Universal Render Pipeline/Particles/SimpleLit' not found
Refreshing native plugins compatible for Editor in 1.22 ms, found 1 plugins.
Preloading 0 native plugins for Editor in 0.00 ms.
Unloading 4154 Unused Serialized files (Serialized files now loaded: 0)
System memory in use before: 208.8 MB.
System memory in use after: 207.8 MB.

Unloading 89 unused Assets to reduce memory usage. Loaded Objects now: 4978.
Total: 30.593100 ms (FindLiveObjects: 0.650700 ms CreateObjectMapping: 0.391800 ms MarkObjects: 26.533400 ms  DeleteObjects: 3.015500 ms)

========================================================================
Received Import Request.
  Time since last request: 732.962975 seconds.
  path: Assets/_Project/Scriptables/PlayerSetting.asset
  artifactKey: Guid(f92b2667e1f0cc5439f7ddc3ca30ec1c) Importer(815301076,1909f56bfc062723c751e8b465ee728b)
Start importing Assets/_Project/Scriptables/PlayerSetting.asset using Guid(f92b2667e1f0cc5439f7ddc3ca30ec1c) Importer(815301076,1909f56bfc062723c751e8b465ee728b)  -> (artifact id: 'bb6201ceeafb48b42322f54d47221942') in 0.155049 seconds
  Import took 0.179041 seconds .

========================================================================
Received Prepare
Registering precompiled user dll's ...
Registered in 0.007763 seconds.
Begin MonoManager ReloadAssembly
Native extension for WindowsStandalone target not found
Native extension for OSXStandalone target not found
Refreshing native plugins compatible for Editor in 1.08 ms, found 1 plugins.
Preloading 0 native plugins for Editor in 0.00 ms.
Invoked RoslynAnalysisRunner static constructor.
RoslynAnalysisRunner will not be running.
RoslynAnalysisRunner has terminated.
NullReferenceException: Object reference not set to an instance of an object
  at XNodeEditor.NodeEditorAssetModProcessor.OnReloadEditor () [0x0004e] in D:\Unity\Zoe\Zoe_Project_Ver3\Assets\Plugins\CizaTool2D\Plugins\XNode\Scripts\Editor\NodeEditorAssetModProcessor.cs:55 

(Filename: Assets/Plugins/CizaTool2D/Plugins/XNode/Scripts/Editor/NodeEditorAssetModProcessor.cs Line: 55)

Mono: successfully reloaded assembly
- Completed reload, in  2.765 seconds
Platform modules already initialized, skipping
Shader 'Universal Render Pipeline/Particles/Lit': fallback shader 'Universal Render Pipeline/Particles/SimpleLit' not found
Refreshing native plugins compatible for Editor in 1.26 ms, found 1 plugins.
Preloading 0 native plugins for Editor in 0.00 ms.
Unloading 4154 Unused Serialized files (Serialized files now loaded: 0)
System memory in use before: 208.8 MB.
System memory in use after: 207.8 MB.

Unloading 89 unused Assets to reduce memory usage. Loaded Objects now: 4981.
Total: 29.356700 ms (FindLiveObjects: 0.564800 ms CreateObjectMapping: 0.718200 ms MarkObjects: 26.635600 ms  DeleteObjects: 1.436800 ms)

========================================================================
Received Prepare
Registering precompiled user dll's ...
Registered in 0.165711 seconds.
Begin MonoManager ReloadAssembly
Native extension for WindowsStandalone target not found
Native extension for OSXStandalone target not found
Refreshing native plugins compatible for Editor in 1.02 ms, found 1 plugins.
Preloading 0 native plugins for Editor in 0.00 ms.
Invoked RoslynAnalysisRunner static constructor.
RoslynAnalysisRunner will not be running.
RoslynAnalysisRunner has terminated.
NullReferenceException: Object reference not set to an instance of an object
  at XNodeEditor.NodeEditorAssetModProcessor.OnReloadEditor () [0x0004e] in D:\Unity\Zoe\Zoe_Project_Ver3\Assets\Plugins\CizaTool2D\Plugins\XNode\Scripts\Editor\NodeEditorAssetModProcessor.cs:55 

(Filename: Assets/Plugins/CizaTool2D/Plugins/XNode/Scripts/Editor/NodeEditorAssetModProcessor.cs Line: 55)

Mono: successfully reloaded assembly
- Completed reload, in  2.491 seconds
Platform modules already initialized, skipping
Shader 'Universal Render Pipeline/Particles/Lit': fallback shader 'Universal Render Pipeline/Particles/SimpleLit' not found
Refreshing native plugins compatible for Editor in 1.07 ms, found 1 plugins.
Preloading 0 native plugins for Editor in 0.00 ms.
Unloading 4154 Unused Serialized files (Serialized files now loaded: 0)
System memory in use before: 218.6 MB.
System memory in use after: 217.6 MB.

Unloading 89 unused Assets to reduce memory usage. Loaded Objects now: 4984.
Total: 27.781400 ms (FindLiveObjects: 0.571600 ms CreateObjectMapping: 0.372100 ms MarkObjects: 25.213400 ms  DeleteObjects: 1.622000 ms)

========================================================================
Received Prepare
Shader 'Universal Render Pipeline/Particles/Lit': fallback shader 'Universal Render Pipeline/Particles/SimpleLit' not found
Refreshing native plugins compatible for Editor in 4.71 ms, found 1 plugins.
Preloading 0 native plugins for Editor in 0.00 ms.
Unloading 37 Unused Serialized files (Serialized files now loaded: 0)
System memory in use before: 114.3 MB.
System memory in use after: 113.3 MB.

Unloading 37 unused Assets to reduce memory usage. Loaded Objects now: 4984.
Total: 29.192200 ms (FindLiveObjects: 0.559700 ms CreateObjectMapping: 0.310500 ms MarkObjects: 26.900100 ms  DeleteObjects: 1.419900 ms)

AssetImportWorkerClient::OnTransportError - code=2 error=End of file
